2022-05-14 10:33:07,983 django.utils.autoreload INFO     Watching for file changes with StatReloader
2022-05-14 10:33:16,033 django.request WARNING  Not Found: /
2022-05-14 11:01:32,281 django.utils.autoreload INFO     D:\burn_wound_deployment\django3\real_production\websystem\websystem\settings\base.py changed, reloading.
2022-05-14 11:01:32,895 django.utils.autoreload INFO     Watching for file changes with StatReloader
2022-05-14 11:01:38,291 django.utils.autoreload INFO     D:\burn_wound_deployment\django3\real_production\websystem\websystem\settings\base.py changed, reloading.
2022-05-14 11:01:38,827 django.utils.autoreload INFO     Watching for file changes with StatReloader
2022-05-14 11:02:06,827 django.utils.autoreload INFO     D:\burn_wound_deployment\django3\real_production\websystem\websystem\settings\base.py changed, reloading.
2022-05-14 11:02:07,354 django.utils.autoreload INFO     Watching for file changes with StatReloader
2022-05-14 11:02:09,616 django.utils.autoreload INFO     D:\burn_wound_deployment\django3\real_production\websystem\websystem\settings\base.py changed, reloading.
2022-05-14 11:02:10,005 django.utils.autoreload INFO     Watching for file changes with StatReloader
2022-05-14 11:02:22,534 django.utils.autoreload INFO     D:\burn_wound_deployment\django3\real_production\websystem\websystem\settings\base.py changed, reloading.
2022-05-14 11:02:23,137 django.utils.autoreload INFO     Watching for file changes with StatReloader
2022-05-14 11:02:51,939 django.utils.autoreload INFO     D:\burn_wound_deployment\django3\real_production\websystem\websystem\settings\base.py changed, reloading.
2022-05-14 11:02:52,433 django.utils.autoreload INFO     Watching for file changes with StatReloader
2022-05-14 11:04:23,322 django.utils.autoreload INFO     Watching for file changes with StatReloader
2022-05-14 11:04:32,778 django.utils.autoreload INFO     D:\burn_wound_deployment\django3\real_production\websystem\websystem\settings\base.py changed, reloading.
2022-05-14 11:04:33,193 django.utils.autoreload INFO     Watching for file changes with StatReloader
2022-05-14 11:04:50,851 django.utils.autoreload INFO     D:\burn_wound_deployment\django3\real_production\websystem\apps\users\apps.py changed, reloading.
2022-05-14 11:04:51,232 django.utils.autoreload INFO     Watching for file changes with StatReloader
2022-05-14 11:05:00,672 django.utils.autoreload INFO     D:\burn_wound_deployment\django3\real_production\websystem\apps\common\apps.py changed, reloading.
2022-05-14 11:05:01,156 django.utils.autoreload INFO     Watching for file changes with StatReloader
2022-05-14 11:05:48,872 django.utils.autoreload INFO     D:\burn_wound_deployment\django3\real_production\websystem\websystem\settings\base.py changed, reloading.
2022-05-14 11:05:49,427 django.utils.autoreload INFO     Watching for file changes with StatReloader
2022-05-14 11:07:55,063 django.utils.autoreload INFO     D:\burn_wound_deployment\django3\real_production\websystem\apps\users\models.py changed, reloading.
2022-05-14 11:07:55,681 django.utils.autoreload INFO     Watching for file changes with StatReloader
2022-05-14 11:08:05,028 django.utils.autoreload INFO     D:\burn_wound_deployment\django3\real_production\websystem\websystem\settings\base.py changed, reloading.
2022-05-14 11:08:05,534 django.utils.autoreload INFO     Watching for file changes with StatReloader
2022-05-14 11:09:58,891 django.utils.autoreload INFO     D:\burn_wound_deployment\django3\real_production\websystem\apps\users\admin.py changed, reloading.
2022-05-14 11:09:59,469 django.utils.autoreload INFO     Watching for file changes with StatReloader
2022-05-14 11:10:13,265 django.utils.autoreload INFO     D:\burn_wound_deployment\django3\real_production\websystem\apps\users\admin.py changed, reloading.
2022-05-14 11:10:13,839 django.utils.autoreload INFO     Watching for file changes with StatReloader
2022-05-14 11:11:51,454 django.utils.autoreload INFO     Watching for file changes with StatReloader
2022-05-14 11:18:02,419 django.utils.autoreload INFO     Watching for file changes with StatReloader
2022-05-14 11:18:33,991 django.utils.autoreload INFO     Watching for file changes with StatReloader
2022-05-14 11:18:39,088 django.request WARNING  Not Found: /docs
2022-05-14 12:04:03,982 django.utils.autoreload INFO     D:\burn_wound_deployment\django3\real_production\websystem\apps\users\managers.py changed, reloading.
2022-05-14 12:04:04,593 django.utils.autoreload INFO     Watching for file changes with StatReloader
2022-05-14 12:04:56,726 django.utils.autoreload INFO     D:\burn_wound_deployment\django3\real_production\websystem\apps\common\models.py changed, reloading.
2022-05-14 12:04:57,459 django.utils.autoreload INFO     Watching for file changes with StatReloader
2022-05-14 12:06:50,960 django.utils.autoreload INFO     D:\burn_wound_deployment\django3\real_production\websystem\apps\profiles\models.py changed, reloading.
2022-05-14 12:06:51,772 django.utils.autoreload INFO     Watching for file changes with StatReloader
2022-05-14 12:09:48,867 django.utils.autoreload INFO     D:\burn_wound_deployment\django3\real_production\websystem\apps\profiles\models.py changed, reloading.
2022-05-14 12:09:49,602 django.utils.autoreload INFO     Watching for file changes with StatReloader
2022-05-14 12:10:11,248 django.utils.autoreload INFO     D:\burn_wound_deployment\django3\real_production\websystem\apps\profiles\models.py changed, reloading.
2022-05-14 12:10:11,926 django.utils.autoreload INFO     Watching for file changes with StatReloader
2022-05-14 12:10:45,989 django.utils.autoreload INFO     D:\burn_wound_deployment\django3\real_production\websystem\apps\profiles\models.py changed, reloading.
2022-05-14 12:10:46,594 django.utils.autoreload INFO     Watching for file changes with StatReloader
2022-05-14 12:10:49,910 django.utils.autoreload INFO     D:\burn_wound_deployment\django3\real_production\websystem\apps\profiles\models.py changed, reloading.
2022-05-14 12:10:50,625 django.utils.autoreload INFO     Watching for file changes with StatReloader
2022-05-14 12:10:57,755 django.utils.autoreload INFO     D:\burn_wound_deployment\django3\real_production\websystem\apps\profiles\models.py changed, reloading.
2022-05-14 12:10:58,452 django.utils.autoreload INFO     Watching for file changes with StatReloader
2022-05-14 12:11:47,198 django.utils.autoreload INFO     D:\burn_wound_deployment\django3\real_production\websystem\apps\profiles\models.py changed, reloading.
2022-05-14 12:11:48,007 django.utils.autoreload INFO     Watching for file changes with StatReloader
